<?xml version="1.0" encoding="UTF-8"?>
<coverage generated="1742477110020" clover="3.2.0">
  <project timestamp="1742477110020" name="All files">
    <metrics statements="118" coveredstatements="114" conditionals="44" coveredconditionals="40" methods="52" coveredmethods="48" elements="214" coveredelements="202" complexity="0" loc="118" ncloc="118" packages="5" files="22" classes="22"/>
    <package name="Kasa.github.io">
      <metrics statements="2" coveredstatements="2" conditionals="0" coveredconditionals="0" methods="1" coveredmethods="1"/>
      <file name="Router.jsx" path="C:\Users\l-boy\OneDrive\Bureau\Formation Dev Web OC\Projet 11\Kasa.github.io\Router.jsx">
        <metrics statements="2" coveredstatements="2" conditionals="0" coveredconditionals="0" methods="1" coveredmethods="1"/>
        <line num="10" count="1" type="stmt"/>
        <line num="11" count="1" type="stmt"/>
      </file>
    </package>
    <package name="Kasa.github.io.src.Js">
      <metrics statements="1" coveredstatements="1" conditionals="0" coveredconditionals="0" methods="1" coveredmethods="1"/>
      <file name="App.jsx" path="C:\Users\l-boy\OneDrive\Bureau\Formation Dev Web OC\Projet 11\Kasa.github.io\src\Js\App.jsx">
        <metrics statements="1" coveredstatements="1" conditionals="0" coveredconditionals="0" methods="1" coveredmethods="1"/>
        <line num="6" count="1" type="stmt"/>
      </file>
    </package>
    <package name="Kasa.github.io.src.Js.Components">
      <metrics statements="96" coveredstatements="93" conditionals="42" coveredconditionals="38" methods="41" coveredmethods="38"/>
      <file name="AccommodationHeader.jsx" path="C:\Users\l-boy\OneDrive\Bureau\Formation Dev Web OC\Projet 11\Kasa.github.io\src\Js\Components\AccommodationHeader.jsx">
        <metrics statements="14" coveredstatements="14" conditionals="0" coveredconditionals="0" methods="5" coveredmethods="5"/>
        <line num="4" count="3" type="stmt"/>
        <line num="5" count="3" type="stmt"/>
        <line num="13" count="3" type="stmt"/>
        <line num="14" count="3" type="stmt"/>
        <line num="15" count="3" type="stmt"/>
        <line num="16" count="3" type="stmt"/>
        <line num="24" count="3" type="stmt"/>
        <line num="25" count="3" type="stmt"/>
        <line num="32" count="3" type="stmt"/>
        <line num="33" count="3" type="stmt"/>
        <line num="42" count="3" type="stmt"/>
        <line num="43" count="3" type="stmt"/>
        <line num="44" count="3" type="stmt"/>
        <line num="45" count="3" type="stmt"/>
      </file>
      <file name="AccommodationInformation.jsx" path="C:\Users\l-boy\OneDrive\Bureau\Formation Dev Web OC\Projet 11\Kasa.github.io\src\Js\Components\AccommodationInformation.jsx">
        <metrics statements="7" coveredstatements="7" conditionals="1" coveredconditionals="0" methods="3" coveredmethods="3"/>
        <line num="8" count="3" type="stmt"/>
        <line num="9" count="3" type="stmt"/>
        <line num="16" count="3" type="stmt"/>
        <line num="17" count="3" type="stmt"/>
        <line num="29" count="3" type="stmt"/>
        <line num="30" count="3" type="cond" truecount="0" falsecount="1"/>
        <line num="32" count="3" type="stmt"/>
      </file>
      <file name="Banner.jsx" path="C:\Users\l-boy\OneDrive\Bureau\Formation Dev Web OC\Projet 11\Kasa.github.io\src\Js\Components\Banner.jsx">
        <metrics statements="2" coveredstatements="2" conditionals="13" coveredconditionals="11" methods="1" coveredmethods="1"/>
        <line num="5" count="5" type="cond" truecount="1" falsecount="0"/>
        <line num="6" count="7" type="stmt"/>
      </file>
      <file name="BannerImg.jsx" path="C:\Users\l-boy\OneDrive\Bureau\Formation Dev Web OC\Projet 11\Kasa.github.io\src\Js\Components\BannerImg.jsx">
        <metrics statements="8" coveredstatements="8" conditionals="8" coveredconditionals="8" methods="1" coveredmethods="1"/>
        <line num="4" count="6" type="stmt"/>
        <line num="5" count="4" type="cond" truecount="4" falsecount="0"/>
        <line num="6" count="1" type="stmt"/>
        <line num="8" count="3" type="cond" truecount="4" falsecount="0"/>
        <line num="9" count="1" type="stmt"/>
        <line num="11" count="2" type="stmt"/>
        <line num="12" count="2" type="stmt"/>
        <line num="17" count="6" type="stmt"/>
      </file>
      <file name="BannerTitle.jsx" path="C:\Users\l-boy\OneDrive\Bureau\Formation Dev Web OC\Projet 11\Kasa.github.io\src\Js\Components\BannerTitle.jsx">
        <metrics statements="2" coveredstatements="2" conditionals="0" coveredconditionals="0" methods="1" coveredmethods="1"/>
        <line num="3" count="1" type="stmt"/>
        <line num="4" count="1" type="stmt"/>
      </file>
      <file name="Cards.jsx" path="C:\Users\l-boy\OneDrive\Bureau\Formation Dev Web OC\Projet 11\Kasa.github.io\src\Js\Components\Cards.jsx">
        <metrics statements="5" coveredstatements="5" conditionals="0" coveredconditionals="0" methods="3" coveredmethods="3"/>
        <line num="6" count="2" type="stmt"/>
        <line num="7" count="7" type="stmt"/>
        <line num="19" count="2" type="stmt"/>
        <line num="20" count="4" type="stmt"/>
        <line num="23" count="7" type="stmt"/>
      </file>
      <file name="CollapseBtn.jsx" path="C:\Users\l-boy\OneDrive\Bureau\Formation Dev Web OC\Projet 11\Kasa.github.io\src\Js\Components\CollapseBtn.jsx">
        <metrics statements="11" coveredstatements="10" conditionals="6" coveredconditionals="5" methods="4" coveredmethods="3"/>
        <line num="7" count="4" type="stmt"/>
        <line num="8" count="8" type="stmt"/>
        <line num="16" count="4" type="stmt"/>
        <line num="17" count="8" type="stmt"/>
        <line num="18" count="8" type="stmt"/>
        <line num="19" count="0" type="stmt"/>
        <line num="21" count="8" type="stmt"/>
        <line num="22" count="8" type="cond" truecount="4" falsecount="0"/>
        <line num="23" count="3" type="stmt"/>
        <line num="25" count="5" type="stmt"/>
        <line num="28" count="8" type="stmt"/>
      </file>
      <file name="Error404.jsx" path="C:\Users\l-boy\OneDrive\Bureau\Formation Dev Web OC\Projet 11\Kasa.github.io\src\Js\Components\Error404.jsx">
        <metrics statements="2" coveredstatements="1" conditionals="0" coveredconditionals="0" methods="1" coveredmethods="0"/>
        <line num="5" count="1" type="stmt"/>
        <line num="6" count="0" type="stmt"/>
      </file>
      <file name="Footer.jsx" path="C:\Users\l-boy\OneDrive\Bureau\Formation Dev Web OC\Projet 11\Kasa.github.io\src\Js\Components\Footer.jsx">
        <metrics statements="2" coveredstatements="2" conditionals="0" coveredconditionals="0" methods="1" coveredmethods="1"/>
        <line num="5" count="1" type="stmt"/>
        <line num="6" count="1" type="stmt"/>
      </file>
      <file name="Header.jsx" path="C:\Users\l-boy\OneDrive\Bureau\Formation Dev Web OC\Projet 11\Kasa.github.io\src\Js\Components\Header.jsx">
        <metrics statements="2" coveredstatements="2" conditionals="0" coveredconditionals="0" methods="1" coveredmethods="1"/>
        <line num="6" count="1" type="stmt"/>
        <line num="8" count="1" type="stmt"/>
      </file>
      <file name="List.jsx" path="C:\Users\l-boy\OneDrive\Bureau\Formation Dev Web OC\Projet 11\Kasa.github.io\src\Js\Components\List.jsx">
        <metrics statements="4" coveredstatements="3" conditionals="0" coveredconditionals="0" methods="2" coveredmethods="1"/>
        <line num="3" count="4" type="stmt"/>
        <line num="4" count="3" type="stmt"/>
        <line num="5" count="0" type="stmt"/>
        <line num="7" count="3" type="stmt"/>
      </file>
      <file name="NavBar.jsx" path="C:\Users\l-boy\OneDrive\Bureau\Formation Dev Web OC\Projet 11\Kasa.github.io\src\Js\Components\NavBar.jsx">
        <metrics statements="6" coveredstatements="6" conditionals="0" coveredconditionals="0" methods="3" coveredmethods="3"/>
        <line num="7" count="1" type="stmt"/>
        <line num="8" count="2" type="stmt"/>
        <line num="17" count="1" type="stmt"/>
        <line num="18" count="1" type="stmt"/>
        <line num="25" count="1" type="stmt"/>
        <line num="26" count="1" type="stmt"/>
      </file>
      <file name="RatingStars.jsx" path="C:\Users\l-boy\OneDrive\Bureau\Formation Dev Web OC\Projet 11\Kasa.github.io\src\Js\Components\RatingStars.jsx">
        <metrics statements="12" coveredstatements="12" conditionals="0" coveredconditionals="0" methods="5" coveredmethods="5"/>
        <line num="6" count="4" type="stmt"/>
        <line num="7" count="23" type="stmt"/>
        <line num="17" count="4" type="stmt"/>
        <line num="18" count="7" type="stmt"/>
        <line num="28" count="4" type="stmt"/>
        <line num="29" count="6" type="stmt"/>
        <line num="30" count="6" type="stmt"/>
        <line num="31" count="6" type="stmt"/>
        <line num="32" count="6" type="stmt"/>
        <line num="34" count="6" type="stmt"/>
        <line num="38" count="23" type="stmt"/>
        <line num="41" count="7" type="stmt"/>
      </file>
      <file name="SlidingPicture.jsx" path="C:\Users\l-boy\OneDrive\Bureau\Formation Dev Web OC\Projet 11\Kasa.github.io\src\Js\Components\SlidingPicture.jsx">
        <metrics statements="14" coveredstatements="14" conditionals="10" coveredconditionals="10" methods="8" coveredmethods="8"/>
        <line num="6" count="6" type="stmt"/>
        <line num="7" count="4" type="stmt"/>
        <line num="15" count="6" type="stmt"/>
        <line num="16" count="4" type="stmt"/>
        <line num="24" count="6" type="stmt"/>
        <line num="25" count="10" type="stmt"/>
        <line num="26" count="10" type="cond" truecount="2" falsecount="0"/>
        <line num="27" count="10" type="stmt"/>
        <line num="29" count="10" type="stmt"/>
        <line num="30" count="1" type="stmt"/>
        <line num="33" count="10" type="stmt"/>
        <line num="34" count="1" type="stmt"/>
        <line num="37" count="10" type="stmt"/>
        <line num="50" count="8" type="stmt"/>
      </file>
      <file name="Tags.jsx" path="C:\Users\l-boy\OneDrive\Bureau\Formation Dev Web OC\Projet 11\Kasa.github.io\src\Js\Components\Tags.jsx">
        <metrics statements="5" coveredstatements="5" conditionals="4" coveredconditionals="4" methods="2" coveredmethods="2"/>
        <line num="3" count="4" type="stmt"/>
        <line num="4" count="9" type="cond" truecount="4" falsecount="0"/>
        <line num="5" count="5" type="stmt"/>
        <line num="7" count="4" type="stmt"/>
        <line num="10" count="12" type="stmt"/>
      </file>
    </package>
    <package name="Kasa.github.io.src.Js.Layouts">
      <metrics statements="2" coveredstatements="2" conditionals="0" coveredconditionals="0" methods="1" coveredmethods="1"/>
      <file name="Layout.jsx" path="C:\Users\l-boy\OneDrive\Bureau\Formation Dev Web OC\Projet 11\Kasa.github.io\src\Js\Layouts\Layout.jsx">
        <metrics statements="2" coveredstatements="2" conditionals="0" coveredconditionals="0" methods="1" coveredmethods="1"/>
        <line num="6" count="1" type="stmt"/>
        <line num="7" count="1" type="stmt"/>
      </file>
    </package>
    <package name="Kasa.github.io.src.Js.Pages">
      <metrics statements="17" coveredstatements="16" conditionals="2" coveredconditionals="2" methods="8" coveredmethods="7"/>
      <file name="About.jsx" path="C:\Users\l-boy\OneDrive\Bureau\Formation Dev Web OC\Projet 11\Kasa.github.io\src\Js\Pages\About.jsx">
        <metrics statements="5" coveredstatements="5" conditionals="0" coveredconditionals="0" methods="3" coveredmethods="3"/>
        <line num="9" count="2" type="stmt"/>
        <line num="10" count="1" type="stmt"/>
        <line num="13" count="2" type="stmt"/>
        <line num="23" count="2" type="stmt"/>
        <line num="24" count="1" type="stmt"/>
      </file>
      <file name="Accommodations.jsx" path="C:\Users\l-boy\OneDrive\Bureau\Formation Dev Web OC\Projet 11\Kasa.github.io\src\Js\Pages\Accommodations.jsx">
        <metrics statements="8" coveredstatements="8" conditionals="2" coveredconditionals="2" methods="3" coveredmethods="3"/>
        <line num="18" count="3" type="stmt"/>
        <line num="19" count="3" type="stmt"/>
        <line num="28" count="3" type="stmt"/>
        <line num="29" count="5" type="stmt"/>
        <line num="30" count="6" type="stmt"/>
        <line num="32" count="5" type="cond" truecount="2" falsecount="0"/>
        <line num="33" count="2" type="stmt"/>
        <line num="36" count="3" type="stmt"/>
      </file>
      <file name="Error.jsx" path="C:\Users\l-boy\OneDrive\Bureau\Formation Dev Web OC\Projet 11\Kasa.github.io\src\Js\Pages\Error.jsx">
        <metrics statements="2" coveredstatements="1" conditionals="0" coveredconditionals="0" methods="1" coveredmethods="0"/>
        <line num="4" count="1" type="stmt"/>
        <line num="5" count="0" type="stmt"/>
      </file>
      <file name="Home.jsx" path="C:\Users\l-boy\OneDrive\Bureau\Formation Dev Web OC\Projet 11\Kasa.github.io\src\Js\Pages\Home.jsx">
        <metrics statements="2" coveredstatements="2" conditionals="0" coveredconditionals="0" methods="1" coveredmethods="1"/>
        <line num="9" count="1" type="stmt"/>
        <line num="10" count="1" type="stmt"/>
      </file>
    </package>
  </project>
</coverage>
