{"C:\\Users\\l-boy\\OneDrive\\Bureau\\Formation Dev Web OC\\Projet 11\\Kasa.github.io\\Router.jsx": {"path":"C:\\Users\\l-boy\\OneDrive\\Bureau\\Formation Dev Web OC\\Projet 11\\Kasa.github.io\\Router.jsx","statementMap":{"0":{"start":{"line":10,"column":18},"end":{"line":22,"column":1}},"1":{"start":{"line":11,"column":2},"end":{"line":21,"column":11}}},"fnMap":{"0":{"name":"(anonymous_0)","decl":{"start":{"line":10,"column":18},"end":{"line":10,"column":19}},"loc":{"start":{"line":11,"column":2},"end":{"line":21,"column":11}},"line":11}},"branchMap":{},"s":{"0":1,"1":1},"f":{"0":1},"b":{},"_coverageSchema":"1a1c01bbd47fc00a2c39e90264f33305004495a9","hash":"ff5d1e7d4db84b51ef2f2e3e2f0d7370f7c70872"}
,"C:\\Users\\l-boy\\OneDrive\\Bureau\\Formation Dev Web OC\\Projet 11\\Kasa.github.io\\src\\Js\\App.jsx": {"path":"C:\\Users\\l-boy\\OneDrive\\Bureau\\Formation Dev Web OC\\Projet 11\\Kasa.github.io\\src\\Js\\App.jsx","statementMap":{"0":{"start":{"line":6,"column":2},"end":{"line":10,"column":4}}},"fnMap":{"0":{"name":"App","decl":{"start":{"line":5,"column":9},"end":{"line":5,"column":12}},"loc":{"start":{"line":5,"column":15},"end":{"line":11,"column":1}},"line":5}},"branchMap":{},"s":{"0":1},"f":{"0":1},"b":{},"_coverageSchema":"1a1c01bbd47fc00a2c39e90264f33305004495a9","hash":"23849b4dcb10050ceb3bd20f8a56b6941eb795c9"}
,"C:\\Users\\l-boy\\OneDrive\\Bureau\\Formation Dev Web OC\\Projet 11\\Kasa.github.io\\src\\Js\\Components\\AccommodationHeader.jsx": {"path":"C:\\Users\\l-boy\\OneDrive\\Bureau\\Formation Dev Web OC\\Projet 11\\Kasa.github.io\\src\\Js\\Components\\AccommodationHeader.jsx","statementMap":{"0":{"start":{"line":4,"column":33},"end":{"line":11,"column":1}},"1":{"start":{"line":5,"column":4},"end":{"line":10,"column":6}},"2":{"start":{"line":13,"column":19},"end":{"line":22,"column":1}},"3":{"start":{"line":14,"column":21},"end":{"line":14,"column":32}},"4":{"start":{"line":15,"column":33},"end":{"line":15,"column":55}},"5":{"start":{"line":16,"column":4},"end":{"line":21,"column":6}},"6":{"start":{"line":24,"column":21},"end":{"line":30,"column":1}},"7":{"start":{"line":25,"column":4},"end":{"line":29,"column":6}},"8":{"start":{"line":32,"column":13},"end":{"line":39,"column":1}},"9":{"start":{"line":33,"column":4},"end":{"line":38,"column":6}},"10":{"start":{"line":42,"column":28},"end":{"line":51,"column":1}},"11":{"start":{"line":43,"column":40},"end":{"line":43,"column":48}},"12":{"start":{"line":44,"column":28},"end":{"line":44,"column":32}},"13":{"start":{"line":45,"column":4},"end":{"line":50,"column":6}}},"fnMap":{"0":{"name":"(anonymous_0)","decl":{"start":{"line":4,"column":33},"end":{"line":4,"column":34}},"loc":{"start":{"line":4,"column":56},"end":{"line":11,"column":1}},"line":4},"1":{"name":"(anonymous_1)","decl":{"start":{"line":13,"column":19},"end":{"line":13,"column":20}},"loc":{"start":{"line":13,"column":29},"end":{"line":22,"column":1}},"line":13},"2":{"name":"(anonymous_2)","decl":{"start":{"line":24,"column":21},"end":{"line":24,"column":22}},"loc":{"start":{"line":24,"column":42},"end":{"line":30,"column":1}},"line":24},"3":{"name":"(anonymous_3)","decl":{"start":{"line":32,"column":13},"end":{"line":32,"column":14}},"loc":{"start":{"line":32,"column":34},"end":{"line":39,"column":1}},"line":32},"4":{"name":"(anonymous_4)","decl":{"start":{"line":42,"column":28},"end":{"line":42,"column":29}},"loc":{"start":{"line":42,"column":44},"end":{"line":51,"column":1}},"line":42}},"branchMap":{},"s":{"0":3,"1":3,"2":3,"3":3,"4":3,"5":3,"6":3,"7":3,"8":3,"9":3,"10":3,"11":3,"12":3,"13":3},"f":{"0":3,"1":3,"2":3,"3":3,"4":3},"b":{},"_coverageSchema":"1a1c01bbd47fc00a2c39e90264f33305004495a9","hash":"509d18f8690e343c41f8d34816c2060adcd03919"}
,"C:\\Users\\l-boy\\OneDrive\\Bureau\\Formation Dev Web OC\\Projet 11\\Kasa.github.io\\src\\Js\\Components\\AccommodationInformation.jsx": {"path":"C:\\Users\\l-boy\\OneDrive\\Bureau\\Formation Dev Web OC\\Projet 11\\Kasa.github.io\\src\\Js\\Components\\AccommodationInformation.jsx","statementMap":{"0":{"start":{"line":8,"column":21},"end":{"line":15,"column":1}},"1":{"start":{"line":9,"column":4},"end":{"line":14,"column":5}},"2":{"start":{"line":16,"column":30},"end":{"line":27,"column":1}},"3":{"start":{"line":17,"column":4},"end":{"line":26,"column":6}},"4":{"start":{"line":29,"column":34},"end":{"line":38,"column":1}},"5":{"start":{"line":30,"column":57},"end":{"line":30,"column":65}},"6":{"start":{"line":32,"column":4},"end":{"line":37,"column":6}}},"fnMap":{"0":{"name":"(anonymous_0)","decl":{"start":{"line":8,"column":21},"end":{"line":8,"column":22}},"loc":{"start":{"line":8,"column":41},"end":{"line":15,"column":1}},"line":8},"1":{"name":"(anonymous_1)","decl":{"start":{"line":16,"column":30},"end":{"line":16,"column":31}},"loc":{"start":{"line":16,"column":63},"end":{"line":27,"column":1}},"line":16},"2":{"name":"(anonymous_2)","decl":{"start":{"line":29,"column":34},"end":{"line":29,"column":35}},"loc":{"start":{"line":29,"column":52},"end":{"line":38,"column":1}},"line":29}},"branchMap":{"0":{"loc":{"start":{"line":30,"column":37},"end":{"line":30,"column":44}},"type":"default-arg","locations":[{"start":{"line":30,"column":42},"end":{"line":30,"column":44}}],"line":30}},"s":{"0":3,"1":3,"2":3,"3":3,"4":3,"5":3,"6":3},"f":{"0":3,"1":3,"2":3},"b":{"0":[0]},"_coverageSchema":"1a1c01bbd47fc00a2c39e90264f33305004495a9","hash":"7033a3817e1bf8c36fce6fbb090ecf602c487bec"}
,"C:\\Users\\l-boy\\OneDrive\\Bureau\\Formation Dev Web OC\\Projet 11\\Kasa.github.io\\src\\Js\\Components\\Banner.jsx": {"path":"C:\\Users\\l-boy\\OneDrive\\Bureau\\Formation Dev Web OC\\Projet 11\\Kasa.github.io\\src\\Js\\Components\\Banner.jsx","statementMap":{"0":{"start":{"line":5,"column":15},"end":{"line":22,"column":1}},"1":{"start":{"line":6,"column":4},"end":{"line":21,"column":6}}},"fnMap":{"0":{"name":"(anonymous_0)","decl":{"start":{"line":5,"column":15},"end":{"line":5,"column":16}},"loc":{"start":{"line":5,"column":64},"end":{"line":22,"column":1}},"line":5}},"branchMap":{"0":{"loc":{"start":{"line":5,"column":44},"end":{"line":5,"column":57}},"type":"default-arg","locations":[{"start":{"line":5,"column":53},"end":{"line":5,"column":57}}],"line":5},"1":{"loc":{"start":{"line":9,"column":17},"end":{"line":9,"column":82}},"type":"binary-expr","locations":[{"start":{"line":9,"column":17},"end":{"line":9,"column":33}},{"start":{"line":9,"column":37},"end":{"line":9,"column":45}},{"start":{"line":9,"column":49},"end":{"line":9,"column":82}}],"line":9},"2":{"loc":{"start":{"line":10,"column":17},"end":{"line":10,"column":91}},"type":"binary-expr","locations":[{"start":{"line":10,"column":17},"end":{"line":10,"column":37}},{"start":{"line":10,"column":41},"end":{"line":10,"column":49}},{"start":{"line":10,"column":53},"end":{"line":10,"column":91}}],"line":10},"3":{"loc":{"start":{"line":11,"column":17},"end":{"line":13,"column":17}},"type":"binary-expr","locations":[{"start":{"line":11,"column":17},"end":{"line":11,"column":33}},{"start":{"line":11,"column":37},"end":{"line":11,"column":46}},{"start":{"line":11,"column":50},"end":{"line":11,"column":56}},{"start":{"line":12,"column":20},"end":{"line":12,"column":111}}],"line":11},"4":{"loc":{"start":{"line":14,"column":17},"end":{"line":18,"column":17}},"type":"binary-expr","locations":[{"start":{"line":14,"column":17},"end":{"line":14,"column":25}},{"start":{"line":15,"column":20},"end":{"line":17,"column":26}}],"line":14}},"s":{"0":5,"1":7},"f":{"0":7},"b":{"0":[6],"1":[7,2,2],"2":[7,3,3],"3":[7,2,0,0],"4":[7,5]},"_coverageSchema":"1a1c01bbd47fc00a2c39e90264f33305004495a9","hash":"9531f1c308528c587f33ba931a15312c38774458"}
,"C:\\Users\\l-boy\\OneDrive\\Bureau\\Formation Dev Web OC\\Projet 11\\Kasa.github.io\\src\\Js\\Components\\BannerImg.jsx": {"path":"C:\\Users\\l-boy\\OneDrive\\Bureau\\Formation Dev Web OC\\Projet 11\\Kasa.github.io\\src\\Js\\Components\\BannerImg.jsx","statementMap":{"0":{"start":{"line":4,"column":18},"end":{"line":15,"column":1}},"1":{"start":{"line":5,"column":4},"end":{"line":7,"column":5}},"2":{"start":{"line":6,"column":8},"end":{"line":6,"column":91}},"3":{"start":{"line":8,"column":4},"end":{"line":10,"column":5}},"4":{"start":{"line":9,"column":8},"end":{"line":9,"column":20}},"5":{"start":{"line":11,"column":26},"end":{"line":11,"column":34}},"6":{"start":{"line":12,"column":4},"end":{"line":14,"column":6}},"7":{"start":{"line":17,"column":0},"end":{"line":24,"column":2}}},"fnMap":{"0":{"name":"(anonymous_0)","decl":{"start":{"line":4,"column":18},"end":{"line":4,"column":19}},"loc":{"start":{"line":4,"column":46},"end":{"line":15,"column":1}},"line":4}},"branchMap":{"0":{"loc":{"start":{"line":5,"column":4},"end":{"line":7,"column":5}},"type":"if","locations":[{"start":{"line":5,"column":4},"end":{"line":7,"column":5}},{"start":{},"end":{}}],"line":5},"1":{"loc":{"start":{"line":5,"column":8},"end":{"line":5,"column":18}},"type":"binary-expr","locations":[{"start":{"line":5,"column":8},"end":{"line":5,"column":11}},{"start":{"line":5,"column":15},"end":{"line":5,"column":18}}],"line":5},"2":{"loc":{"start":{"line":8,"column":4},"end":{"line":10,"column":5}},"type":"if","locations":[{"start":{"line":8,"column":4},"end":{"line":10,"column":5}},{"start":{},"end":{}}],"line":8},"3":{"loc":{"start":{"line":8,"column":8},"end":{"line":8,"column":36}},"type":"binary-expr","locations":[{"start":{"line":8,"column":8},"end":{"line":8,"column":17}},{"start":{"line":8,"column":21},"end":{"line":8,"column":36}}],"line":8}},"s":{"0":6,"1":4,"2":1,"3":3,"4":1,"5":2,"6":2,"7":6},"f":{"0":4},"b":{"0":[1,3],"1":[4,1],"2":[1,2],"3":[3,2]},"_coverageSchema":"1a1c01bbd47fc00a2c39e90264f33305004495a9","hash":"cb9b1f68339c441d9b467a6108b6c9cba73ccf5c"}
,"C:\\Users\\l-boy\\OneDrive\\Bureau\\Formation Dev Web OC\\Projet 11\\Kasa.github.io\\src\\Js\\Components\\BannerTitle.jsx": {"path":"C:\\Users\\l-boy\\OneDrive\\Bureau\\Formation Dev Web OC\\Projet 11\\Kasa.github.io\\src\\Js\\Components\\BannerTitle.jsx","statementMap":{"0":{"start":{"line":3,"column":20},"end":{"line":9,"column":1}},"1":{"start":{"line":4,"column":4},"end":{"line":8,"column":6}}},"fnMap":{"0":{"name":"(anonymous_0)","decl":{"start":{"line":3,"column":20},"end":{"line":3,"column":21}},"loc":{"start":{"line":3,"column":26},"end":{"line":9,"column":1}},"line":3}},"branchMap":{},"s":{"0":1,"1":1},"f":{"0":1},"b":{},"_coverageSchema":"1a1c01bbd47fc00a2c39e90264f33305004495a9","hash":"ba83eab6e516f22cd24c65223a352e1ca9c72741"}
,"C:\\Users\\l-boy\\OneDrive\\Bureau\\Formation Dev Web OC\\Projet 11\\Kasa.github.io\\src\\Js\\Components\\Cards.jsx": {"path":"C:\\Users\\l-boy\\OneDrive\\Bureau\\Formation Dev Web OC\\Projet 11\\Kasa.github.io\\src\\Js\\Components\\Cards.jsx","statementMap":{"0":{"start":{"line":6,"column":13},"end":{"line":17,"column":1}},"1":{"start":{"line":7,"column":4},"end":{"line":16,"column":5}},"2":{"start":{"line":19,"column":14},"end":{"line":32,"column":1}},"3":{"start":{"line":20,"column":4},"end":{"line":31,"column":6}},"4":{"start":{"line":23,"column":16},"end":{"line":28,"column":18}}},"fnMap":{"0":{"name":"(anonymous_0)","decl":{"start":{"line":6,"column":13},"end":{"line":6,"column":14}},"loc":{"start":{"line":6,"column":37},"end":{"line":17,"column":1}},"line":6},"1":{"name":"(anonymous_1)","decl":{"start":{"line":19,"column":14},"end":{"line":19,"column":15}},"loc":{"start":{"line":19,"column":20},"end":{"line":32,"column":1}},"line":19},"2":{"name":"(anonymous_2)","decl":{"start":{"line":22,"column":27},"end":{"line":22,"column":28}},"loc":{"start":{"line":23,"column":16},"end":{"line":28,"column":18}},"line":23}},"branchMap":{},"s":{"0":2,"1":7,"2":2,"3":4,"4":7},"f":{"0":7,"1":4,"2":7},"b":{},"_coverageSchema":"1a1c01bbd47fc00a2c39e90264f33305004495a9","hash":"9777410ff8eaa1da5be3b9771cd39893eacf903e"}
,"C:\\Users\\l-boy\\OneDrive\\Bureau\\Formation Dev Web OC\\Projet 11\\Kasa.github.io\\src\\Js\\Components\\CollapseBtn.jsx": {"path":"C:\\Users\\l-boy\\OneDrive\\Bureau\\Formation Dev Web OC\\Projet 11\\Kasa.github.io\\src\\Js\\Components\\CollapseBtn.jsx","statementMap":{"0":{"start":{"line":7,"column":22},"end":{"line":14,"column":1}},"1":{"start":{"line":8,"column":4},"end":{"line":13,"column":6}},"2":{"start":{"line":16,"column":20},"end":{"line":58,"column":1}},"3":{"start":{"line":17,"column":32},"end":{"line":17,"column":47}},"4":{"start":{"line":18,"column":25},"end":{"line":20,"column":5}},"5":{"start":{"line":19,"column":8},"end":{"line":19,"column":27}},"6":{"start":{"line":21,"column":26},"end":{"line":27,"column":5}},"7":{"start":{"line":22,"column":8},"end":{"line":26,"column":9}},"8":{"start":{"line":23,"column":12},"end":{"line":23,"column":28}},"9":{"start":{"line":25,"column":12},"end":{"line":25,"column":61}},"10":{"start":{"line":28,"column":4},"end":{"line":57,"column":6}}},"fnMap":{"0":{"name":"(anonymous_0)","decl":{"start":{"line":7,"column":22},"end":{"line":7,"column":23}},"loc":{"start":{"line":7,"column":38},"end":{"line":14,"column":1}},"line":7},"1":{"name":"(anonymous_1)","decl":{"start":{"line":16,"column":20},"end":{"line":16,"column":21}},"loc":{"start":{"line":16,"column":49},"end":{"line":58,"column":1}},"line":16},"2":{"name":"(anonymous_2)","decl":{"start":{"line":18,"column":25},"end":{"line":18,"column":26}},"loc":{"start":{"line":18,"column":31},"end":{"line":20,"column":5}},"line":18},"3":{"name":"(anonymous_3)","decl":{"start":{"line":21,"column":26},"end":{"line":21,"column":27}},"loc":{"start":{"line":21,"column":32},"end":{"line":27,"column":5}},"line":21}},"branchMap":{"0":{"loc":{"start":{"line":10,"column":18},"end":{"line":10,"column":54}},"type":"cond-expr","locations":[{"start":{"line":10,"column":27},"end":{"line":10,"column":38}},{"start":{"line":10,"column":41},"end":{"line":10,"column":54}}],"line":10},"1":{"loc":{"start":{"line":22,"column":8},"end":{"line":26,"column":9}},"type":"if","locations":[{"start":{"line":22,"column":8},"end":{"line":26,"column":9}},{"start":{"line":24,"column":15},"end":{"line":26,"column":9}}],"line":22},"2":{"loc":{"start":{"line":22,"column":12},"end":{"line":22,"column":78}},"type":"binary-expr","locations":[{"start":{"line":22,"column":12},"end":{"line":22,"column":42}},{"start":{"line":22,"column":46},"end":{"line":22,"column":78}}],"line":22}},"s":{"0":4,"1":8,"2":4,"3":8,"4":8,"5":0,"6":8,"7":8,"8":3,"9":5,"10":8},"f":{"0":8,"1":8,"2":0,"3":8},"b":{"0":[0,8],"1":[3,5],"2":[8,3]},"_coverageSchema":"1a1c01bbd47fc00a2c39e90264f33305004495a9","hash":"6b6ae2749bedeb43b837cafe82e3a00df3bfec7d"}
,"C:\\Users\\l-boy\\OneDrive\\Bureau\\Formation Dev Web OC\\Projet 11\\Kasa.github.io\\src\\Js\\Components\\Error404.jsx": {"path":"C:\\Users\\l-boy\\OneDrive\\Bureau\\Formation Dev Web OC\\Projet 11\\Kasa.github.io\\src\\Js\\Components\\Error404.jsx","statementMap":{"0":{"start":{"line":5,"column":17},"end":{"line":13,"column":1}},"1":{"start":{"line":6,"column":4},"end":{"line":12,"column":6}}},"fnMap":{"0":{"name":"(anonymous_0)","decl":{"start":{"line":5,"column":17},"end":{"line":5,"column":18}},"loc":{"start":{"line":5,"column":23},"end":{"line":13,"column":1}},"line":5}},"branchMap":{},"s":{"0":1,"1":0},"f":{"0":0},"b":{},"_coverageSchema":"1a1c01bbd47fc00a2c39e90264f33305004495a9","hash":"be04d6a55539fe932a42a9cb0db5cc0c8690cd34"}
,"C:\\Users\\l-boy\\OneDrive\\Bureau\\Formation Dev Web OC\\Projet 11\\Kasa.github.io\\src\\Js\\Components\\Footer.jsx": {"path":"C:\\Users\\l-boy\\OneDrive\\Bureau\\Formation Dev Web OC\\Projet 11\\Kasa.github.io\\src\\Js\\Components\\Footer.jsx","statementMap":{"0":{"start":{"line":5,"column":15},"end":{"line":19,"column":1}},"1":{"start":{"line":6,"column":4},"end":{"line":18,"column":6}}},"fnMap":{"0":{"name":"(anonymous_0)","decl":{"start":{"line":5,"column":15},"end":{"line":5,"column":16}},"loc":{"start":{"line":5,"column":21},"end":{"line":19,"column":1}},"line":5}},"branchMap":{},"s":{"0":1,"1":1},"f":{"0":1},"b":{},"_coverageSchema":"1a1c01bbd47fc00a2c39e90264f33305004495a9","hash":"917cf0a022fd1bf2aa26bf2de7854407c00f5eb0"}
,"C:\\Users\\l-boy\\OneDrive\\Bureau\\Formation Dev Web OC\\Projet 11\\Kasa.github.io\\src\\Js\\Components\\Header.jsx": {"path":"C:\\Users\\l-boy\\OneDrive\\Bureau\\Formation Dev Web OC\\Projet 11\\Kasa.github.io\\src\\Js\\Components\\Header.jsx","statementMap":{"0":{"start":{"line":6,"column":15},"end":{"line":13,"column":1}},"1":{"start":{"line":8,"column":4},"end":{"line":12,"column":6}}},"fnMap":{"0":{"name":"(anonymous_0)","decl":{"start":{"line":6,"column":15},"end":{"line":6,"column":16}},"loc":{"start":{"line":6,"column":21},"end":{"line":13,"column":1}},"line":6}},"branchMap":{},"s":{"0":1,"1":1},"f":{"0":1},"b":{},"_coverageSchema":"1a1c01bbd47fc00a2c39e90264f33305004495a9","hash":"7b65e1eaa4236377742260f57d7cc96c126d2cec"}
,"C:\\Users\\l-boy\\OneDrive\\Bureau\\Formation Dev Web OC\\Projet 11\\Kasa.github.io\\src\\Js\\Components\\List.jsx": {"path":"C:\\Users\\l-boy\\OneDrive\\Bureau\\Formation Dev Web OC\\Projet 11\\Kasa.github.io\\src\\Js\\Components\\List.jsx","statementMap":{"0":{"start":{"line":3,"column":23},"end":{"line":12,"column":1}},"1":{"start":{"line":4,"column":27},"end":{"line":6,"column":6}},"2":{"start":{"line":5,"column":8},"end":{"line":5,"column":85}},"3":{"start":{"line":7,"column":4},"end":{"line":11,"column":5}}},"fnMap":{"0":{"name":"(anonymous_0)","decl":{"start":{"line":3,"column":23},"end":{"line":3,"column":24}},"loc":{"start":{"line":3,"column":43},"end":{"line":12,"column":1}},"line":3},"1":{"name":"(anonymous_1)","decl":{"start":{"line":4,"column":42},"end":{"line":4,"column":43}},"loc":{"start":{"line":5,"column":8},"end":{"line":5,"column":85}},"line":5}},"branchMap":{},"s":{"0":4,"1":3,"2":0,"3":3},"f":{"0":3,"1":0},"b":{},"_coverageSchema":"1a1c01bbd47fc00a2c39e90264f33305004495a9","hash":"84054378e847fb76df4ea1aa190a32a274847946"}
,"C:\\Users\\l-boy\\OneDrive\\Bureau\\Formation Dev Web OC\\Projet 11\\Kasa.github.io\\src\\Js\\Components\\NavBar.jsx": {"path":"C:\\Users\\l-boy\\OneDrive\\Bureau\\Formation Dev Web OC\\Projet 11\\Kasa.github.io\\src\\Js\\Components\\NavBar.jsx","statementMap":{"0":{"start":{"line":7,"column":16},"end":{"line":13,"column":1}},"1":{"start":{"line":8,"column":4},"end":{"line":12,"column":5}},"2":{"start":{"line":17,"column":17},"end":{"line":23,"column":1}},"3":{"start":{"line":18,"column":4},"end":{"line":22,"column":5}},"4":{"start":{"line":25,"column":15},"end":{"line":37,"column":1}},"5":{"start":{"line":26,"column":4},"end":{"line":35,"column":5}}},"fnMap":{"0":{"name":"(anonymous_0)","decl":{"start":{"line":7,"column":16},"end":{"line":7,"column":17}},"loc":{"start":{"line":7,"column":36},"end":{"line":13,"column":1}},"line":7},"1":{"name":"(anonymous_1)","decl":{"start":{"line":17,"column":17},"end":{"line":17,"column":18}},"loc":{"start":{"line":17,"column":23},"end":{"line":23,"column":1}},"line":17},"2":{"name":"(anonymous_2)","decl":{"start":{"line":25,"column":15},"end":{"line":25,"column":16}},"loc":{"start":{"line":25,"column":21},"end":{"line":37,"column":1}},"line":25}},"branchMap":{},"s":{"0":1,"1":2,"2":1,"3":1,"4":1,"5":1},"f":{"0":2,"1":1,"2":1},"b":{},"_coverageSchema":"1a1c01bbd47fc00a2c39e90264f33305004495a9","hash":"80b9d900a5fbf08dd66b74c047485fc3fed6acb6"}
,"C:\\Users\\l-boy\\OneDrive\\Bureau\\Formation Dev Web OC\\Projet 11\\Kasa.github.io\\src\\Js\\Components\\RatingStars.jsx": {"path":"C:\\Users\\l-boy\\OneDrive\\Bureau\\Formation Dev Web OC\\Projet 11\\Kasa.github.io\\src\\Js\\Components\\RatingStars.jsx","statementMap":{"0":{"start":{"line":6,"column":18},"end":{"line":15,"column":1}},"1":{"start":{"line":7,"column":4},"end":{"line":14,"column":6}},"2":{"start":{"line":17,"column":18},"end":{"line":26,"column":1}},"3":{"start":{"line":18,"column":4},"end":{"line":25,"column":6}},"4":{"start":{"line":28,"column":20},"end":{"line":46,"column":1}},"5":{"start":{"line":29,"column":18},"end":{"line":29,"column":34}},"6":{"start":{"line":30,"column":23},"end":{"line":30,"column":24}},"7":{"start":{"line":31,"column":27},"end":{"line":31,"column":47}},"8":{"start":{"line":32,"column":27},"end":{"line":32,"column":60}},"9":{"start":{"line":34,"column":4},"end":{"line":45,"column":6}},"10":{"start":{"line":38,"column":20},"end":{"line":38,"column":105}},"11":{"start":{"line":41,"column":20},"end":{"line":41,"column":105}}},"fnMap":{"0":{"name":"(anonymous_0)","decl":{"start":{"line":6,"column":18},"end":{"line":6,"column":19}},"loc":{"start":{"line":6,"column":24},"end":{"line":15,"column":1}},"line":6},"1":{"name":"(anonymous_1)","decl":{"start":{"line":17,"column":18},"end":{"line":17,"column":19}},"loc":{"start":{"line":17,"column":24},"end":{"line":26,"column":1}},"line":17},"2":{"name":"(anonymous_2)","decl":{"start":{"line":28,"column":20},"end":{"line":28,"column":21}},"loc":{"start":{"line":28,"column":36},"end":{"line":46,"column":1}},"line":28},"3":{"name":"(anonymous_3)","decl":{"start":{"line":37,"column":36},"end":{"line":37,"column":37}},"loc":{"start":{"line":38,"column":20},"end":{"line":38,"column":105}},"line":38},"4":{"name":"(anonymous_4)","decl":{"start":{"line":40,"column":36},"end":{"line":40,"column":37}},"loc":{"start":{"line":41,"column":20},"end":{"line":41,"column":105}},"line":41}},"branchMap":{},"s":{"0":4,"1":23,"2":4,"3":7,"4":4,"5":6,"6":6,"7":6,"8":6,"9":6,"10":23,"11":7},"f":{"0":23,"1":7,"2":6,"3":23,"4":7},"b":{},"_coverageSchema":"1a1c01bbd47fc00a2c39e90264f33305004495a9","hash":"3bcf096634bde892d6c0f0fe389e58a9883fc58b"}
,"C:\\Users\\l-boy\\OneDrive\\Bureau\\Formation Dev Web OC\\Projet 11\\Kasa.github.io\\src\\Js\\Components\\SlidingPicture.jsx": {"path":"C:\\Users\\l-boy\\OneDrive\\Bureau\\Formation Dev Web OC\\Projet 11\\Kasa.github.io\\src\\Js\\Components\\SlidingPicture.jsx","statementMap":{"0":{"start":{"line":6,"column":18},"end":{"line":13,"column":1}},"1":{"start":{"line":7,"column":4},"end":{"line":12,"column":6}},"2":{"start":{"line":15,"column":19},"end":{"line":22,"column":1}},"3":{"start":{"line":16,"column":4},"end":{"line":21,"column":6}},"4":{"start":{"line":24,"column":23},"end":{"line":72,"column":1}},"5":{"start":{"line":25,"column":44},"end":{"line":25,"column":55}},"6":{"start":{"line":26,"column":20},"end":{"line":26,"column":43}},"7":{"start":{"line":27,"column":26},"end":{"line":27,"column":40}},"8":{"start":{"line":29,"column":23},"end":{"line":31,"column":5}},"9":{"start":{"line":30,"column":8},"end":{"line":30,"column":73}},"10":{"start":{"line":30,"column":39},"end":{"line":30,"column":71}},"11":{"start":{"line":33,"column":27},"end":{"line":35,"column":5}},"12":{"start":{"line":34,"column":8},"end":{"line":34,"column":90}},"13":{"start":{"line":34,"column":39},"end":{"line":34,"column":88}},"14":{"start":{"line":37,"column":4},"end":{"line":71,"column":6}},"15":{"start":{"line":50,"column":20},"end":{"line":55,"column":22}}},"fnMap":{"0":{"name":"(anonymous_0)","decl":{"start":{"line":6,"column":18},"end":{"line":6,"column":19}},"loc":{"start":{"line":6,"column":24},"end":{"line":13,"column":1}},"line":6},"1":{"name":"(anonymous_1)","decl":{"start":{"line":15,"column":19},"end":{"line":15,"column":20}},"loc":{"start":{"line":15,"column":25},"end":{"line":22,"column":1}},"line":15},"2":{"name":"(anonymous_2)","decl":{"start":{"line":24,"column":23},"end":{"line":24,"column":24}},"loc":{"start":{"line":24,"column":41},"end":{"line":72,"column":1}},"line":24},"3":{"name":"(anonymous_3)","decl":{"start":{"line":29,"column":23},"end":{"line":29,"column":24}},"loc":{"start":{"line":29,"column":29},"end":{"line":31,"column":5}},"line":29},"4":{"name":"(anonymous_4)","decl":{"start":{"line":30,"column":24},"end":{"line":30,"column":25}},"loc":{"start":{"line":30,"column":39},"end":{"line":30,"column":71}},"line":30},"5":{"name":"(anonymous_5)","decl":{"start":{"line":33,"column":27},"end":{"line":33,"column":28}},"loc":{"start":{"line":33,"column":33},"end":{"line":35,"column":5}},"line":33},"6":{"name":"(anonymous_6)","decl":{"start":{"line":34,"column":24},"end":{"line":34,"column":25}},"loc":{"start":{"line":34,"column":39},"end":{"line":34,"column":88}},"line":34},"7":{"name":"(anonymous_7)","decl":{"start":{"line":49,"column":29},"end":{"line":49,"column":30}},"loc":{"start":{"line":50,"column":20},"end":{"line":55,"column":22}},"line":50}},"branchMap":{"0":{"loc":{"start":{"line":26,"column":20},"end":{"line":26,"column":43}},"type":"binary-expr","locations":[{"start":{"line":26,"column":20},"end":{"line":26,"column":37}},{"start":{"line":26,"column":41},"end":{"line":26,"column":43}}],"line":26},"1":{"loc":{"start":{"line":40,"column":17},"end":{"line":48,"column":17}},"type":"binary-expr","locations":[{"start":{"line":40,"column":17},"end":{"line":40,"column":34}},{"start":{"line":41,"column":20},"end":{"line":47,"column":27}}],"line":40},"2":{"loc":{"start":{"line":54,"column":69},"end":{"line":54,"column":107}},"type":"cond-expr","locations":[{"start":{"line":54,"column":94},"end":{"line":54,"column":102}},{"start":{"line":54,"column":105},"end":{"line":54,"column":107}}],"line":54},"3":{"loc":{"start":{"line":57,"column":17},"end":{"line":65,"column":17}},"type":"binary-expr","locations":[{"start":{"line":57,"column":17},"end":{"line":57,"column":34}},{"start":{"line":58,"column":20},"end":{"line":64,"column":27}}],"line":57},"4":{"loc":{"start":{"line":67,"column":13},"end":{"line":69,"column":13}},"type":"binary-expr","locations":[{"start":{"line":67,"column":13},"end":{"line":67,"column":30}},{"start":{"line":68,"column":16},"end":{"line":68,"column":92}}],"line":67}},"s":{"0":6,"1":4,"2":6,"3":4,"4":6,"5":10,"6":10,"7":10,"8":10,"9":1,"10":1,"11":10,"12":1,"13":1,"14":10,"15":8},"f":{"0":4,"1":4,"2":10,"3":1,"4":1,"5":1,"6":1,"7":8},"b":{"0":[10,6],"1":[10,4],"2":[4,4],"3":[10,4],"4":[10,4]},"_coverageSchema":"1a1c01bbd47fc00a2c39e90264f33305004495a9","hash":"a1b7bf143752b504207ee0d53262cab1f83c8575"}
,"C:\\Users\\l-boy\\OneDrive\\Bureau\\Formation Dev Web OC\\Projet 11\\Kasa.github.io\\src\\Js\\Components\\Tags.jsx": {"path":"C:\\Users\\l-boy\\OneDrive\\Bureau\\Formation Dev Web OC\\Projet 11\\Kasa.github.io\\src\\Js\\Components\\Tags.jsx","statementMap":{"0":{"start":{"line":3,"column":13},"end":{"line":14,"column":1}},"1":{"start":{"line":4,"column":4},"end":{"line":6,"column":5}},"2":{"start":{"line":5,"column":8},"end":{"line":5,"column":20}},"3":{"start":{"line":7,"column":4},"end":{"line":13,"column":6}},"4":{"start":{"line":10,"column":16},"end":{"line":10,"column":91}}},"fnMap":{"0":{"name":"(anonymous_0)","decl":{"start":{"line":3,"column":13},"end":{"line":3,"column":14}},"loc":{"start":{"line":3,"column":27},"end":{"line":14,"column":1}},"line":3},"1":{"name":"(anonymous_1)","decl":{"start":{"line":9,"column":22},"end":{"line":9,"column":23}},"loc":{"start":{"line":10,"column":16},"end":{"line":10,"column":91}},"line":10}},"branchMap":{"0":{"loc":{"start":{"line":4,"column":4},"end":{"line":6,"column":5}},"type":"if","locations":[{"start":{"line":4,"column":4},"end":{"line":6,"column":5}},{"start":{},"end":{}}],"line":4},"1":{"loc":{"start":{"line":4,"column":8},"end":{"line":4,"column":49}},"type":"binary-expr","locations":[{"start":{"line":4,"column":8},"end":{"line":4,"column":28}},{"start":{"line":4,"column":32},"end":{"line":4,"column":49}}],"line":4}},"s":{"0":4,"1":9,"2":5,"3":4,"4":12},"f":{"0":9,"1":12},"b":{"0":[5,4],"1":[9,8]},"_coverageSchema":"1a1c01bbd47fc00a2c39e90264f33305004495a9","hash":"ddc8dc1aa3e968a5fe2b172f692b87119bad91db"}
,"C:\\Users\\l-boy\\OneDrive\\Bureau\\Formation Dev Web OC\\Projet 11\\Kasa.github.io\\src\\Js\\Layouts\\Layout.jsx": {"path":"C:\\Users\\l-boy\\OneDrive\\Bureau\\Formation Dev Web OC\\Projet 11\\Kasa.github.io\\src\\Js\\Layouts\\Layout.jsx","statementMap":{"0":{"start":{"line":6,"column":15},"end":{"line":16,"column":1}},"1":{"start":{"line":7,"column":4},"end":{"line":15,"column":6}}},"fnMap":{"0":{"name":"(anonymous_0)","decl":{"start":{"line":6,"column":15},"end":{"line":6,"column":16}},"loc":{"start":{"line":6,"column":21},"end":{"line":16,"column":1}},"line":6}},"branchMap":{},"s":{"0":1,"1":1},"f":{"0":1},"b":{},"_coverageSchema":"1a1c01bbd47fc00a2c39e90264f33305004495a9","hash":"2bcd82de3b44c4fabe7087c31e7969ed958b022f"}
,"C:\\Users\\l-boy\\OneDrive\\Bureau\\Formation Dev Web OC\\Projet 11\\Kasa.github.io\\src\\Js\\Pages\\About.jsx": {"path":"C:\\Users\\l-boy\\OneDrive\\Bureau\\Formation Dev Web OC\\Projet 11\\Kasa.github.io\\src\\Js\\Pages\\About.jsx","statementMap":{"0":{"start":{"line":9,"column":20},"end":{"line":22,"column":1}},"1":{"start":{"line":10,"column":4},"end":{"line":21,"column":5}},"2":{"start":{"line":13,"column":12},"end":{"line":18,"column":14}},"3":{"start":{"line":23,"column":14},"end":{"line":32,"column":1}},"4":{"start":{"line":24,"column":4},"end":{"line":31,"column":6}}},"fnMap":{"0":{"name":"(anonymous_0)","decl":{"start":{"line":9,"column":20},"end":{"line":9,"column":21}},"loc":{"start":{"line":9,"column":26},"end":{"line":22,"column":1}},"line":9},"1":{"name":"(anonymous_1)","decl":{"start":{"line":12,"column":25},"end":{"line":12,"column":26}},"loc":{"start":{"line":13,"column":12},"end":{"line":18,"column":14}},"line":13},"2":{"name":"(anonymous_2)","decl":{"start":{"line":23,"column":14},"end":{"line":23,"column":15}},"loc":{"start":{"line":23,"column":20},"end":{"line":32,"column":1}},"line":23}},"branchMap":{},"s":{"0":2,"1":1,"2":2,"3":2,"4":1},"f":{"0":1,"1":2,"2":1},"b":{},"_coverageSchema":"1a1c01bbd47fc00a2c39e90264f33305004495a9","hash":"d5b34d671268b65ae2bab3c3b39fb5e65bca53f0"}
,"C:\\Users\\l-boy\\OneDrive\\Bureau\\Formation Dev Web OC\\Projet 11\\Kasa.github.io\\src\\Js\\Pages\\Accommodations.jsx": {"path":"C:\\Users\\l-boy\\OneDrive\\Bureau\\Formation Dev Web OC\\Projet 11\\Kasa.github.io\\src\\Js\\Pages\\Accommodations.jsx","statementMap":{"0":{"start":{"line":18,"column":29},"end":{"line":25,"column":1}},"1":{"start":{"line":19,"column":4},"end":{"line":24,"column":6}},"2":{"start":{"line":28,"column":23},"end":{"line":44,"column":1}},"3":{"start":{"line":29,"column":17},"end":{"line":29,"column":28}},"4":{"start":{"line":30,"column":21},"end":{"line":30,"column":69}},"5":{"start":{"line":30,"column":50},"end":{"line":30,"column":68}},"6":{"start":{"line":32,"column":4},"end":{"line":34,"column":5}},"7":{"start":{"line":33,"column":8},"end":{"line":33,"column":38}},"8":{"start":{"line":36,"column":4},"end":{"line":43,"column":6}}},"fnMap":{"0":{"name":"(anonymous_0)","decl":{"start":{"line":18,"column":29},"end":{"line":18,"column":30}},"loc":{"start":{"line":18,"column":47},"end":{"line":25,"column":1}},"line":18},"1":{"name":"(anonymous_1)","decl":{"start":{"line":28,"column":23},"end":{"line":28,"column":24}},"loc":{"start":{"line":28,"column":29},"end":{"line":44,"column":1}},"line":28},"2":{"name":"(anonymous_2)","decl":{"start":{"line":30,"column":36},"end":{"line":30,"column":37}},"loc":{"start":{"line":30,"column":50},"end":{"line":30,"column":68}},"line":30}},"branchMap":{"0":{"loc":{"start":{"line":32,"column":4},"end":{"line":34,"column":5}},"type":"if","locations":[{"start":{"line":32,"column":4},"end":{"line":34,"column":5}},{"start":{},"end":{}}],"line":32}},"s":{"0":3,"1":3,"2":3,"3":5,"4":5,"5":6,"6":5,"7":2,"8":3},"f":{"0":3,"1":5,"2":6},"b":{"0":[2,3]},"_coverageSchema":"1a1c01bbd47fc00a2c39e90264f33305004495a9","hash":"4d5e3d673c0d551b6d95e301111bd62b720a01e5"}
,"C:\\Users\\l-boy\\OneDrive\\Bureau\\Formation Dev Web OC\\Projet 11\\Kasa.github.io\\src\\Js\\Pages\\Error.jsx": {"path":"C:\\Users\\l-boy\\OneDrive\\Bureau\\Formation Dev Web OC\\Projet 11\\Kasa.github.io\\src\\Js\\Pages\\Error.jsx","statementMap":{"0":{"start":{"line":4,"column":14},"end":{"line":10,"column":1}},"1":{"start":{"line":5,"column":4},"end":{"line":9,"column":6}}},"fnMap":{"0":{"name":"(anonymous_0)","decl":{"start":{"line":4,"column":14},"end":{"line":4,"column":15}},"loc":{"start":{"line":4,"column":20},"end":{"line":10,"column":1}},"line":4}},"branchMap":{},"s":{"0":1,"1":0},"f":{"0":0},"b":{},"_coverageSchema":"1a1c01bbd47fc00a2c39e90264f33305004495a9","hash":"d20ca8f72b6506649570cafcbfa9ec1850355bb1"}
,"C:\\Users\\l-boy\\OneDrive\\Bureau\\Formation Dev Web OC\\Projet 11\\Kasa.github.io\\src\\Js\\Pages\\Home.jsx": {"path":"C:\\Users\\l-boy\\OneDrive\\Bureau\\Formation Dev Web OC\\Projet 11\\Kasa.github.io\\src\\Js\\Pages\\Home.jsx","statementMap":{"0":{"start":{"line":9,"column":13},"end":{"line":20,"column":1}},"1":{"start":{"line":10,"column":4},"end":{"line":19,"column":6}}},"fnMap":{"0":{"name":"(anonymous_0)","decl":{"start":{"line":9,"column":13},"end":{"line":9,"column":14}},"loc":{"start":{"line":9,"column":19},"end":{"line":20,"column":1}},"line":9}},"branchMap":{},"s":{"0":1,"1":1},"f":{"0":1},"b":{},"_coverageSchema":"1a1c01bbd47fc00a2c39e90264f33305004495a9","hash":"8cdada7732c14e4cff2800d44c9374c7134ddd3f"}
}
