TN:
SF:Router.jsx
FN:10,(anonymous_0)
FNF:1
FNH:1
FNDA:1,(anonymous_0)
DA:10,1
DA:11,1
LF:2
LH:2
BRF:0
BRH:0
end_of_record
TN:
SF:src\Js\App.jsx
FN:5,App
FNF:1
FNH:1
FNDA:1,App
DA:6,1
LF:1
LH:1
BRF:0
BRH:0
end_of_record
TN:
SF:src\Js\Components\AccommodationHeader.jsx
FN:4,(anonymous_0)
FN:13,(anonymous_1)
FN:24,(anonymous_2)
FN:32,(anonymous_3)
FN:42,(anonymous_4)
FNF:5
FNH:5
FNDA:3,(anonymous_0)
FNDA:3,(anonymous_1)
FNDA:3,(anonymous_2)
FNDA:3,(anonymous_3)
FNDA:3,(anonymous_4)
DA:4,3
DA:5,3
DA:13,3
DA:14,3
DA:15,3
DA:16,3
DA:24,3
DA:25,3
DA:32,3
DA:33,3
DA:42,3
DA:43,3
DA:44,3
DA:45,3
LF:14
LH:14
BRF:0
BRH:0
end_of_record
TN:
SF:src\Js\Components\AccommodationInformation.jsx
FN:8,(anonymous_0)
FN:16,(anonymous_1)
FN:29,(anonymous_2)
FNF:3
FNH:3
FNDA:3,(anonymous_0)
FNDA:3,(anonymous_1)
FNDA:3,(anonymous_2)
DA:8,3
DA:9,3
DA:16,3
DA:17,3
DA:29,3
DA:30,3
DA:32,3
LF:7
LH:7
BRDA:30,0,0,0
BRF:1
BRH:0
end_of_record
TN:
SF:src\Js\Components\Banner.jsx
FN:5,(anonymous_0)
FNF:1
FNH:1
FNDA:7,(anonymous_0)
DA:5,5
DA:6,7
LF:2
LH:2
BRDA:5,0,0,6
BRDA:9,1,0,7
BRDA:9,1,1,2
BRDA:9,1,2,2
BRDA:10,2,0,7
BRDA:10,2,1,3
BRDA:10,2,2,3
BRDA:11,3,0,7
BRDA:11,3,1,2
BRDA:11,3,2,0
BRDA:11,3,3,0
BRDA:14,4,0,7
BRDA:14,4,1,5
BRF:13
BRH:11
end_of_record
TN:
SF:src\Js\Components\BannerImg.jsx
FN:4,(anonymous_0)
FNF:1
FNH:1
FNDA:4,(anonymous_0)
DA:4,6
DA:5,4
DA:6,1
DA:8,3
DA:9,1
DA:11,2
DA:12,2
DA:17,6
LF:8
LH:8
BRDA:5,0,0,1
BRDA:5,0,1,3
BRDA:5,1,0,4
BRDA:5,1,1,1
BRDA:8,2,0,1
BRDA:8,2,1,2
BRDA:8,3,0,3
BRDA:8,3,1,2
BRF:8
BRH:8
end_of_record
TN:
SF:src\Js\Components\BannerTitle.jsx
FN:3,(anonymous_0)
FNF:1
FNH:1
FNDA:1,(anonymous_0)
DA:3,1
DA:4,1
LF:2
LH:2
BRF:0
BRH:0
end_of_record
TN:
SF:src\Js\Components\Cards.jsx
FN:6,(anonymous_0)
FN:19,(anonymous_1)
FN:22,(anonymous_2)
FNF:3
FNH:3
FNDA:7,(anonymous_0)
FNDA:4,(anonymous_1)
FNDA:7,(anonymous_2)
DA:6,2
DA:7,7
DA:19,2
DA:20,4
DA:23,7
LF:5
LH:5
BRF:0
BRH:0
end_of_record
TN:
SF:src\Js\Components\CollapseBtn.jsx
FN:7,(anonymous_0)
FN:16,(anonymous_1)
FN:18,(anonymous_2)
FN:21,(anonymous_3)
FNF:4
FNH:3
FNDA:8,(anonymous_0)
FNDA:8,(anonymous_1)
FNDA:0,(anonymous_2)
FNDA:8,(anonymous_3)
DA:7,4
DA:8,8
DA:16,4
DA:17,8
DA:18,8
DA:19,0
DA:21,8
DA:22,8
DA:23,3
DA:25,5
DA:28,8
LF:11
LH:10
BRDA:10,0,0,0
BRDA:10,0,1,8
BRDA:22,1,0,3
BRDA:22,1,1,5
BRDA:22,2,0,8
BRDA:22,2,1,3
BRF:6
BRH:5
end_of_record
TN:
SF:src\Js\Components\Error404.jsx
FN:5,(anonymous_0)
FNF:1
FNH:0
FNDA:0,(anonymous_0)
DA:5,1
DA:6,0
LF:2
LH:1
BRF:0
BRH:0
end_of_record
TN:
SF:src\Js\Components\Footer.jsx
FN:5,(anonymous_0)
FNF:1
FNH:1
FNDA:1,(anonymous_0)
DA:5,1
DA:6,1
LF:2
LH:2
BRF:0
BRH:0
end_of_record
TN:
SF:src\Js\Components\Header.jsx
FN:6,(anonymous_0)
FNF:1
FNH:1
FNDA:1,(anonymous_0)
DA:6,1
DA:8,1
LF:2
LH:2
BRF:0
BRH:0
end_of_record
TN:
SF:src\Js\Components\List.jsx
FN:3,(anonymous_0)
FN:4,(anonymous_1)
FNF:2
FNH:1
FNDA:3,(anonymous_0)
FNDA:0,(anonymous_1)
DA:3,4
DA:4,3
DA:5,0
DA:7,3
LF:4
LH:3
BRF:0
BRH:0
end_of_record
TN:
SF:src\Js\Components\NavBar.jsx
FN:7,(anonymous_0)
FN:17,(anonymous_1)
FN:25,(anonymous_2)
FNF:3
FNH:3
FNDA:2,(anonymous_0)
FNDA:1,(anonymous_1)
FNDA:1,(anonymous_2)
DA:7,1
DA:8,2
DA:17,1
DA:18,1
DA:25,1
DA:26,1
LF:6
LH:6
BRF:0
BRH:0
end_of_record
TN:
SF:src\Js\Components\RatingStars.jsx
FN:6,(anonymous_0)
FN:17,(anonymous_1)
FN:28,(anonymous_2)
FN:37,(anonymous_3)
FN:40,(anonymous_4)
FNF:5
FNH:5
FNDA:23,(anonymous_0)
FNDA:7,(anonymous_1)
FNDA:6,(anonymous_2)
FNDA:23,(anonymous_3)
FNDA:7,(anonymous_4)
DA:6,4
DA:7,23
DA:17,4
DA:18,7
DA:28,4
DA:29,6
DA:30,6
DA:31,6
DA:32,6
DA:34,6
DA:38,23
DA:41,7
LF:12
LH:12
BRF:0
BRH:0
end_of_record
TN:
SF:src\Js\Components\SlidingPicture.jsx
FN:6,(anonymous_0)
FN:15,(anonymous_1)
FN:24,(anonymous_2)
FN:29,(anonymous_3)
FN:30,(anonymous_4)
FN:33,(anonymous_5)
FN:34,(anonymous_6)
FN:49,(anonymous_7)
FNF:8
FNH:8
FNDA:4,(anonymous_0)
FNDA:4,(anonymous_1)
FNDA:10,(anonymous_2)
FNDA:1,(anonymous_3)
FNDA:1,(anonymous_4)
FNDA:1,(anonymous_5)
FNDA:1,(anonymous_6)
FNDA:8,(anonymous_7)
DA:6,6
DA:7,4
DA:15,6
DA:16,4
DA:24,6
DA:25,10
DA:26,10
DA:27,10
DA:29,10
DA:30,1
DA:33,10
DA:34,1
DA:37,10
DA:50,8
LF:14
LH:14
BRDA:26,0,0,10
BRDA:26,0,1,6
BRDA:40,1,0,10
BRDA:40,1,1,4
BRDA:54,2,0,4
BRDA:54,2,1,4
BRDA:57,3,0,10
BRDA:57,3,1,4
BRDA:67,4,0,10
BRDA:67,4,1,4
BRF:10
BRH:10
end_of_record
TN:
SF:src\Js\Components\Tags.jsx
FN:3,(anonymous_0)
FN:9,(anonymous_1)
FNF:2
FNH:2
FNDA:9,(anonymous_0)
FNDA:12,(anonymous_1)
DA:3,4
DA:4,9
DA:5,5
DA:7,4
DA:10,12
LF:5
LH:5
BRDA:4,0,0,5
BRDA:4,0,1,4
BRDA:4,1,0,9
BRDA:4,1,1,8
BRF:4
BRH:4
end_of_record
TN:
SF:src\Js\Layouts\Layout.jsx
FN:6,(anonymous_0)
FNF:1
FNH:1
FNDA:1,(anonymous_0)
DA:6,1
DA:7,1
LF:2
LH:2
BRF:0
BRH:0
end_of_record
TN:
SF:src\Js\Pages\About.jsx
FN:9,(anonymous_0)
FN:12,(anonymous_1)
FN:23,(anonymous_2)
FNF:3
FNH:3
FNDA:1,(anonymous_0)
FNDA:2,(anonymous_1)
FNDA:1,(anonymous_2)
DA:9,2
DA:10,1
DA:13,2
DA:23,2
DA:24,1
LF:5
LH:5
BRF:0
BRH:0
end_of_record
TN:
SF:src\Js\Pages\Accommodations.jsx
FN:18,(anonymous_0)
FN:28,(anonymous_1)
FN:30,(anonymous_2)
FNF:3
FNH:3
FNDA:3,(anonymous_0)
FNDA:5,(anonymous_1)
FNDA:6,(anonymous_2)
DA:18,3
DA:19,3
DA:28,3
DA:29,5
DA:30,6
DA:32,5
DA:33,2
DA:36,3
LF:8
LH:8
BRDA:32,0,0,2
BRDA:32,0,1,3
BRF:2
BRH:2
end_of_record
TN:
SF:src\Js\Pages\Error.jsx
FN:4,(anonymous_0)
FNF:1
FNH:0
FNDA:0,(anonymous_0)
DA:4,1
DA:5,0
LF:2
LH:1
BRF:0
BRH:0
end_of_record
TN:
SF:src\Js\Pages\Home.jsx
FN:9,(anonymous_0)
FNF:1
FNH:1
FNDA:1,(anonymous_0)
DA:9,1
DA:10,1
LF:2
LH:2
BRF:0
BRH:0
end_of_record
